<?xml version="1.0" encoding="UTF-8"?>
<!-- Generated by org.testng.reporters.JUnitReportReporter -->
<testsuite hostname="DESKTOP-R6ICANP" failures="0" tests="6" name="com.runner3.MyRunner3" time="11.556" errors="0" timestamp="05 Jan 2022 20:04:33 GMT" skipped="0">
  <testcase classname="com.runner3.MyRunner3" name="runScenario" time="1.774"/>
  <testcase classname="com.runner3.MyRunner3" name="runScenario" time="1.739"/>
  <testcase classname="com.runner3.MyRunner3" name="runScenario" time="1.770"/>
  <testcase classname="com.runner3.MyRunner3" name="runScenario" time="1.774"/>
  <testcase classname="com.runner3.MyRunner3" name="runScenario" time="2.768"/>
  <testcase classname="com.runner3.MyRunner3" name="runScenario" time="1.731"/>
</testsuite> <!-- com.runner3.MyRunner3 -->
