<?xml version="1.0" encoding="UTF-8"?>
<!-- Generated by org.testng.reporters.JUnitReportReporter -->
<testsuite hostname="DESKTOP-R6ICANP" failures="0" tests="6" name="runner3.MyRunner3" time="19.535" errors="0" timestamp="31 Dec 2021 00:28:52 GMT" skipped="0">
  <testcase classname="runner3.MyRunner3" name="runScenario" time="3.248"/>
  <testcase classname="runner3.MyRunner3" name="runScenario" time="3.277"/>
  <testcase classname="runner3.MyRunner3" name="runScenario" time="3.247"/>
  <testcase classname="runner3.MyRunner3" name="runScenario" time="3.078"/>
  <testcase classname="runner3.MyRunner3" name="runScenario" time="3.314"/>
  <testcase classname="runner3.MyRunner3" name="runScenario" time="3.371"/>
</testsuite> <!-- runner3.MyRunner3 -->
